2025-04-22 00:05:18 [main] INFO  CabinFramework - Server started on port 8080
2025-04-22 00:05:23 [pool-2-thread-1] INFO  CabinFramework - Client closed connection: /[0:0:0:0:0:0:0:1]:52924
2025-04-22 00:05:23 [pool-2-thread-2] ERROR CabinFramework - Error reading from client: null
java.util.ConcurrentModificationException: null
	at java.base/java.util.HashMap.computeIfAbsent(HashMap.java:1221)
	at com.cabin.express.server.CabinServer.handleRead(CabinServer.java:260)
	at com.cabin.express.server.CabinServer.handleReadSafely(CabinServer.java:128)
	at com.cabin.express.server.CabinServer.lambda$start$0(CabinServer.java:107)
	at java.base/java.util.concurrent.Executors$RunnableAdapter.call(Executors.java:539)
	at java.base/java.util.concurrent.FutureTask.run(FutureTask.java:264)
	at java.base/java.util.concurrent.ThreadPoolExecutor.runWorker(ThreadPoolExecutor.java:1136)
	at java.base/java.util.concurrent.ThreadPoolExecutor$Worker.run(ThreadPoolExecutor.java:635)
	at java.base/java.lang.Thread.run(Thread.java:833)
2025-04-22 00:05:29 [pool-2-thread-3] INFO  CabinFramework - Client closed connection: /[0:0:0:0:0:0:0:1]:52937
2025-04-22 00:05:30 [pool-3-thread-1] INFO  c.c.demo.datasource.DatabaseConfig - Loading configuration file: application.properties
2025-04-22 00:05:30 [pool-3-thread-1] INFO  c.c.demo.datasource.DatabaseConfig - Configuration loaded successfully
2025-04-22 00:05:30 [pool-3-thread-1] INFO  c.c.demo.datasource.DatabaseConfig - Using JDBC driver: org.postgresql.Driver
2025-04-22 00:05:30 [pool-3-thread-1] INFO  com.zaxxer.hikari.HikariDataSource - HikariPool-1 - Starting...
2025-04-22 00:05:30 [pool-3-thread-1] INFO  com.zaxxer.hikari.pool.HikariPool - HikariPool-1 - Added connection org.postgresql.jdbc.PgConnection@16d9439e
2025-04-22 00:05:30 [pool-3-thread-1] INFO  com.zaxxer.hikari.HikariDataSource - HikariPool-1 - Start completed.
2025-04-22 00:05:30 [pool-3-thread-1] INFO  org.hibernate.Version - HHH000412: Hibernate ORM core version 6.6.4.Final
2025-04-22 00:05:30 [pool-3-thread-1] INFO  o.h.c.i.RegionFactoryInitiator - HHH000026: Second-level cache disabled
2025-04-22 00:05:30 [pool-3-thread-1] WARN  org.hibernate.orm.deprecation - HHH90000025: PostgreSQLDialect does not need to be specified explicitly using 'hibernate.dialect' (remove the property setting and it will be selected by default)
2025-04-22 00:05:30 [pool-3-thread-1] INFO  o.hibernate.orm.connections.pooling - HHH10001005: Database info:
	Database JDBC URL [Connecting through datasource 'HikariDataSource (HikariPool-1)']
	Database driver: undefined/unknown
	Database version: 17.4
	Autocommit mode: undefined/unknown
	Isolation level: undefined/unknown
	Minimum pool size: undefined/unknown
	Maximum pool size: undefined/unknown
2025-04-22 00:05:30 [pool-3-thread-1] INFO  o.h.e.t.j.p.i.JtaPlatformInitiator - HHH000489: No JTA platform available (set 'hibernate.transaction.jta.platform' to enable JTA platform integration)
2025-04-22 00:05:30 [pool-3-thread-1] WARN  o.h.e.jdbc.spi.SqlExceptionHelper - SQL Warning Code: 0, SQLState: 00000
2025-04-22 00:05:30 [pool-3-thread-1] WARN  o.h.e.jdbc.spi.SqlExceptionHelper - constraint "uk_user_email" of relation "users" does not exist, skipping
2025-04-22 00:06:22 [pool-2-thread-7] INFO  CabinFramework - Client closed connection: /[0:0:0:0:0:0:0:1]:52938
2025-04-22 00:06:36 [pool-2-thread-8] INFO  CabinFramework - Client closed connection: /[0:0:0:0:0:0:0:1]:53008
2025-04-22 00:09:30 [main] INFO  CabinFramework - Server started on port 8080
2025-04-22 00:09:32 [pool-2-thread-1] INFO  CabinFramework - Client closed connection: /[0:0:0:0:0:0:0:1]:53129
2025-04-22 00:09:32 [pool-3-thread-1] INFO  c.c.demo.datasource.DatabaseConfig - Loading configuration file: application.properties
2025-04-22 00:09:32 [pool-3-thread-1] INFO  c.c.demo.datasource.DatabaseConfig - Configuration loaded successfully
2025-04-22 00:09:32 [pool-3-thread-1] INFO  c.c.demo.datasource.DatabaseConfig - Using JDBC driver: org.postgresql.Driver
2025-04-22 00:09:32 [pool-3-thread-1] INFO  com.zaxxer.hikari.HikariDataSource - HikariPool-1 - Starting...
2025-04-22 00:09:32 [pool-3-thread-1] INFO  com.zaxxer.hikari.pool.HikariPool - HikariPool-1 - Added connection org.postgresql.jdbc.PgConnection@22b4eb0
2025-04-22 00:09:32 [pool-3-thread-1] INFO  com.zaxxer.hikari.HikariDataSource - HikariPool-1 - Start completed.
2025-04-22 00:09:32 [pool-3-thread-1] INFO  org.hibernate.Version - HHH000412: Hibernate ORM core version 6.6.4.Final
2025-04-22 00:09:32 [pool-3-thread-1] INFO  o.h.c.i.RegionFactoryInitiator - HHH000026: Second-level cache disabled
2025-04-22 00:09:32 [pool-3-thread-1] WARN  org.hibernate.orm.deprecation - HHH90000025: PostgreSQLDialect does not need to be specified explicitly using 'hibernate.dialect' (remove the property setting and it will be selected by default)
2025-04-22 00:09:32 [pool-3-thread-1] INFO  o.hibernate.orm.connections.pooling - HHH10001005: Database info:
	Database JDBC URL [Connecting through datasource 'HikariDataSource (HikariPool-1)']
	Database driver: undefined/unknown
	Database version: 17.4
	Autocommit mode: undefined/unknown
	Isolation level: undefined/unknown
	Minimum pool size: undefined/unknown
	Maximum pool size: undefined/unknown
2025-04-22 00:09:33 [pool-3-thread-1] INFO  o.h.e.t.j.p.i.JtaPlatformInitiator - HHH000489: No JTA platform available (set 'hibernate.transaction.jta.platform' to enable JTA platform integration)
2025-04-22 00:09:33 [pool-2-thread-3] INFO  CabinFramework - Client closed connection: /[0:0:0:0:0:0:0:1]:53130
2025-04-22 00:10:48 [pool-2-thread-4] INFO  CabinFramework - Client closed connection: /[0:0:0:0:0:0:0:1]:53180
2025-04-22 00:11:05 [pool-3-thread-7] ERROR CabinFramework - Error processing client request: Failed to parse request: Invalid JSON body
java.lang.Exception: Failed to parse request: Invalid JSON body
	at com.cabin.express.http.Request.parseRequest(Request.java:144)
	at com.cabin.express.http.Request.<init>(Request.java:36)
	at com.cabin.express.server.CabinServer.handleClientRequest(CabinServer.java:300)
	at com.cabin.express.server.CabinServer.lambda$handleRead$4(CabinServer.java:283)
	at java.base/java.util.concurrent.Executors$RunnableAdapter.call(Executors.java:539)
	at java.base/java.util.concurrent.FutureTask.run(FutureTask.java:264)
	at java.base/java.util.concurrent.ThreadPoolExecutor.runWorker(ThreadPoolExecutor.java:1136)
	at java.base/java.util.concurrent.ThreadPoolExecutor$Worker.run(ThreadPoolExecutor.java:635)
	at java.base/java.lang.Thread.run(Thread.java:833)
Caused by: java.lang.IllegalArgumentException: Invalid JSON body
	at com.cabin.express.http.Request.parseJsonBody(Request.java:195)
	at com.cabin.express.http.Request.parseRequest(Request.java:136)
	... 8 common frames omitted
2025-04-22 00:11:05 [pool-3-thread-7] ERROR CabinFramework - Exception handled: Failed to parse request: Invalid JSON body
java.lang.Exception: Failed to parse request: Invalid JSON body
	at com.cabin.express.http.Request.parseRequest(Request.java:144)
	at com.cabin.express.http.Request.<init>(Request.java:36)
	at com.cabin.express.server.CabinServer.handleClientRequest(CabinServer.java:300)
	at com.cabin.express.server.CabinServer.lambda$handleRead$4(CabinServer.java:283)
	at java.base/java.util.concurrent.Executors$RunnableAdapter.call(Executors.java:539)
	at java.base/java.util.concurrent.FutureTask.run(FutureTask.java:264)
	at java.base/java.util.concurrent.ThreadPoolExecutor.runWorker(ThreadPoolExecutor.java:1136)
	at java.base/java.util.concurrent.ThreadPoolExecutor$Worker.run(ThreadPoolExecutor.java:635)
	at java.base/java.lang.Thread.run(Thread.java:833)
Caused by: java.lang.IllegalArgumentException: Invalid JSON body
	at com.cabin.express.http.Request.parseJsonBody(Request.java:195)
	at com.cabin.express.http.Request.parseRequest(Request.java:136)
	... 8 common frames omitted
2025-04-22 00:11:06 [pool-3-thread-8] ERROR CabinFramework - Error processing client request: Failed to parse request: Invalid JSON body
java.lang.Exception: Failed to parse request: Invalid JSON body
	at com.cabin.express.http.Request.parseRequest(Request.java:144)
	at com.cabin.express.http.Request.<init>(Request.java:36)
	at com.cabin.express.server.CabinServer.handleClientRequest(CabinServer.java:300)
	at com.cabin.express.server.CabinServer.lambda$handleRead$4(CabinServer.java:283)
	at java.base/java.util.concurrent.Executors$RunnableAdapter.call(Executors.java:539)
	at java.base/java.util.concurrent.FutureTask.run(FutureTask.java:264)
	at java.base/java.util.concurrent.ThreadPoolExecutor.runWorker(ThreadPoolExecutor.java:1136)
	at java.base/java.util.concurrent.ThreadPoolExecutor$Worker.run(ThreadPoolExecutor.java:635)
	at java.base/java.lang.Thread.run(Thread.java:833)
Caused by: java.lang.IllegalArgumentException: Invalid JSON body
	at com.cabin.express.http.Request.parseJsonBody(Request.java:195)
	at com.cabin.express.http.Request.parseRequest(Request.java:136)
	... 8 common frames omitted
2025-04-22 00:11:06 [pool-3-thread-8] ERROR CabinFramework - Exception handled: Failed to parse request: Invalid JSON body
java.lang.Exception: Failed to parse request: Invalid JSON body
	at com.cabin.express.http.Request.parseRequest(Request.java:144)
	at com.cabin.express.http.Request.<init>(Request.java:36)
	at com.cabin.express.server.CabinServer.handleClientRequest(CabinServer.java:300)
	at com.cabin.express.server.CabinServer.lambda$handleRead$4(CabinServer.java:283)
	at java.base/java.util.concurrent.Executors$RunnableAdapter.call(Executors.java:539)
	at java.base/java.util.concurrent.FutureTask.run(FutureTask.java:264)
	at java.base/java.util.concurrent.ThreadPoolExecutor.runWorker(ThreadPoolExecutor.java:1136)
	at java.base/java.util.concurrent.ThreadPoolExecutor$Worker.run(ThreadPoolExecutor.java:635)
	at java.base/java.lang.Thread.run(Thread.java:833)
Caused by: java.lang.IllegalArgumentException: Invalid JSON body
	at com.cabin.express.http.Request.parseJsonBody(Request.java:195)
	at com.cabin.express.http.Request.parseRequest(Request.java:136)
	... 8 common frames omitted
2025-04-22 00:11:13 [pool-2-thread-4] INFO  CabinFramework - Client closed connection: /[0:0:0:0:0:0:0:1]:53181
2025-04-22 00:11:13 [pool-2-thread-6] INFO  CabinFramework - Client closed connection: /[0:0:0:0:0:0:0:1]:53220
2025-04-22 00:11:13 [pool-2-thread-8] INFO  CabinFramework - Client closed connection: /[0:0:0:0:0:0:0:1]:53221
2025-04-22 00:12:42 [main] INFO  CabinFramework - Server started on port 8080
2025-04-22 00:12:44 [pool-2-thread-1] INFO  CabinFramework - Client closed connection: /[0:0:0:0:0:0:0:1]:53270
2025-04-22 00:12:44 [pool-3-thread-1] INFO  c.c.demo.datasource.DatabaseConfig - Loading configuration file: application.properties
2025-04-22 00:12:44 [pool-3-thread-1] INFO  c.c.demo.datasource.DatabaseConfig - Configuration loaded successfully
2025-04-22 00:12:44 [pool-3-thread-1] INFO  c.c.demo.datasource.DatabaseConfig - Using JDBC driver: org.postgresql.Driver
2025-04-22 00:12:44 [pool-3-thread-1] INFO  com.zaxxer.hikari.HikariDataSource - HikariPool-1 - Starting...
2025-04-22 00:12:44 [pool-3-thread-1] INFO  com.zaxxer.hikari.pool.HikariPool - HikariPool-1 - Added connection org.postgresql.jdbc.PgConnection@22b4eb0
2025-04-22 00:12:44 [pool-3-thread-1] INFO  com.zaxxer.hikari.HikariDataSource - HikariPool-1 - Start completed.
2025-04-22 00:12:44 [pool-3-thread-1] INFO  org.hibernate.Version - HHH000412: Hibernate ORM core version 6.6.4.Final
2025-04-22 00:12:44 [pool-3-thread-1] INFO  o.h.c.i.RegionFactoryInitiator - HHH000026: Second-level cache disabled
2025-04-22 00:12:44 [pool-3-thread-1] WARN  org.hibernate.orm.deprecation - HHH90000025: PostgreSQLDialect does not need to be specified explicitly using 'hibernate.dialect' (remove the property setting and it will be selected by default)
2025-04-22 00:12:44 [pool-3-thread-1] INFO  o.hibernate.orm.connections.pooling - HHH10001005: Database info:
	Database JDBC URL [Connecting through datasource 'HikariDataSource (HikariPool-1)']
	Database driver: undefined/unknown
	Database version: 17.4
	Autocommit mode: undefined/unknown
	Isolation level: undefined/unknown
	Minimum pool size: undefined/unknown
	Maximum pool size: undefined/unknown
2025-04-22 00:12:45 [pool-3-thread-1] INFO  o.h.e.t.j.p.i.JtaPlatformInitiator - HHH000489: No JTA platform available (set 'hibernate.transaction.jta.platform' to enable JTA platform integration)
2025-04-22 00:12:45 [pool-2-thread-3] INFO  CabinFramework - Client closed connection: /[0:0:0:0:0:0:0:1]:53271
2025-04-22 00:13:29 [main] INFO  CabinFramework - Server started on port 8080
2025-04-22 00:13:32 [pool-2-thread-1] INFO  CabinFramework - Client closed connection: /[0:0:0:0:0:0:0:1]:53302
2025-04-22 00:13:32 [pool-3-thread-1] INFO  c.c.demo.datasource.DatabaseConfig - Loading configuration file: application.properties
2025-04-22 00:13:33 [pool-3-thread-1] INFO  c.c.demo.datasource.DatabaseConfig - Configuration loaded successfully
2025-04-22 00:13:33 [pool-3-thread-1] INFO  c.c.demo.datasource.DatabaseConfig - Using JDBC driver: org.postgresql.Driver
2025-04-22 00:13:33 [pool-3-thread-1] INFO  com.zaxxer.hikari.HikariDataSource - HikariPool-1 - Starting...
2025-04-22 00:13:33 [pool-3-thread-1] INFO  com.zaxxer.hikari.pool.HikariPool - HikariPool-1 - Added connection org.postgresql.jdbc.PgConnection@54d088b3
2025-04-22 00:13:33 [pool-3-thread-1] INFO  com.zaxxer.hikari.HikariDataSource - HikariPool-1 - Start completed.
2025-04-22 00:13:33 [pool-3-thread-1] INFO  org.hibernate.Version - HHH000412: Hibernate ORM core version 6.6.4.Final
2025-04-22 00:13:33 [pool-3-thread-1] INFO  o.h.c.i.RegionFactoryInitiator - HHH000026: Second-level cache disabled
2025-04-22 00:13:33 [pool-3-thread-1] WARN  org.hibernate.orm.deprecation - HHH90000025: PostgreSQLDialect does not need to be specified explicitly using 'hibernate.dialect' (remove the property setting and it will be selected by default)
2025-04-22 00:13:33 [pool-3-thread-1] INFO  o.hibernate.orm.connections.pooling - HHH10001005: Database info:
	Database JDBC URL [Connecting through datasource 'HikariDataSource (HikariPool-1)']
	Database driver: undefined/unknown
	Database version: 17.4
	Autocommit mode: undefined/unknown
	Isolation level: undefined/unknown
	Minimum pool size: undefined/unknown
	Maximum pool size: undefined/unknown
2025-04-22 00:13:34 [pool-3-thread-1] INFO  o.h.e.t.j.p.i.JtaPlatformInitiator - HHH000489: No JTA platform available (set 'hibernate.transaction.jta.platform' to enable JTA platform integration)
